2025-05-13 01:43:09,606 [INFO] Found 3 keywords to search
2025-05-13 01:43:09,607 [INFO] Processing keyword 1/3: thermage
2025-05-13 01:43:09,607 [INFO] Running command: python search_products.py --keyword thermage --output search_results\thermage_results.json
2025-05-13 01:44:33,046 [INFO] Completed search for 'thermage'. Found 10 products.
2025-05-13 01:44:33,047 [INFO] Processing keyword 2/3: filler
2025-05-13 01:44:33,047 [INFO] Running command: python search_products.py --keyword filler --output search_results\filler_results.json
2025-05-13 01:46:18,507 [INFO] Completed search for 'filler'. Found 13 products.
2025-05-13 01:46:18,529 [INFO] Processing keyword 3/3: botox
2025-05-13 01:46:18,529 [INFO] Running command: python search_products.py --keyword botox --output search_results\botox_results.json
2025-05-13 01:46:31,782 [INFO] Completed search for 'botox'. Found 0 products.
2025-05-13 01:46:31,783 [INFO] Batch search completed. Summary saved to search_results\search_summary.txt
2025-05-13 11:50:02,059 [INFO] Created output directory: my_results
2025-05-13 11:50:02,059 [INFO] Found 3 keywords to search
2025-05-13 11:50:02,059 [INFO] Processing keyword 1/3: thermage
2025-05-13 11:50:02,059 [INFO] Running command: python search_products.py --keyword thermage --output my_results\thermage_results.json
2025-05-13 11:50:03,183 [ERROR] Error processing keyword 'thermage': Command '['python', 'search_products.py', '--keyword', 'thermage', '--output', 'my_results\\thermage_results.json']' returned non-zero exit status 1.
2025-05-13 11:50:03,183 [ERROR] Stderr: Traceback (most recent call last):
  File "C:\Users\user\Desktop\Python\direct_derma_scraper\search_products.py", line 22, in <module>
    from webdriver_manager.chrome import ChromeDriverManager
ModuleNotFoundError: No module named 'webdriver_manager'

2025-05-13 11:50:03,183 [INFO] Processing keyword 2/3: filler
2025-05-13 11:50:03,183 [INFO] Running command: python search_products.py --keyword filler --output my_results\filler_results.json
2025-05-13 11:50:03,570 [ERROR] Error processing keyword 'filler': Command '['python', 'search_products.py', '--keyword', 'filler', '--output', 'my_results\\filler_results.json']' returned non-zero exit status 1.
2025-05-13 11:50:03,570 [ERROR] Stderr: Traceback (most recent call last):
  File "C:\Users\user\Desktop\Python\direct_derma_scraper\search_products.py", line 22, in <module>
    from webdriver_manager.chrome import ChromeDriverManager
ModuleNotFoundError: No module named 'webdriver_manager'

2025-05-13 11:50:03,570 [INFO] Processing keyword 3/3: botox
2025-05-13 11:50:03,570 [INFO] Running command: python search_products.py --keyword botox --output my_results\botox_results.json
2025-05-13 11:50:03,934 [ERROR] Error processing keyword 'botox': Command '['python', 'search_products.py', '--keyword', 'botox', '--output', 'my_results\\botox_results.json']' returned non-zero exit status 1.
2025-05-13 11:50:03,934 [ERROR] Stderr: Traceback (most recent call last):
  File "C:\Users\user\Desktop\Python\direct_derma_scraper\search_products.py", line 22, in <module>
    from webdriver_manager.chrome import ChromeDriverManager
ModuleNotFoundError: No module named 'webdriver_manager'

2025-05-13 11:50:03,934 [INFO] Batch search completed. Summary saved to my_results\search_summary.txt
2025-05-13 11:57:57,484 [INFO] Created output directory: search_results
2025-05-13 11:57:57,485 [INFO] Found 3 keywords to search
2025-05-13 11:57:57,485 [INFO] Processing keyword 1/3: thermage
2025-05-13 11:57:57,485 [INFO] Running command: python search_products.py --keyword thermage --output search_results\thermage_results.json
2025-05-13 11:57:58,008 [ERROR] Error processing keyword 'thermage': Command '['python', 'search_products.py', '--keyword', 'thermage', '--output', 'search_results\\thermage_results.json']' returned non-zero exit status 1.
2025-05-13 11:57:58,008 [ERROR] Stderr: Traceback (most recent call last):
  File "C:\Users\user\Desktop\Python\direct_derma_scraper\search_products.py", line 22, in <module>
    from webdriver_manager.chrome import ChromeDriverManager
ModuleNotFoundError: No module named 'webdriver_manager'

2025-05-13 11:57:58,008 [INFO] Processing keyword 2/3: filler
2025-05-13 11:57:58,008 [INFO] Running command: python search_products.py --keyword filler --output search_results\filler_results.json
2025-05-13 11:57:58,384 [ERROR] Error processing keyword 'filler': Command '['python', 'search_products.py', '--keyword', 'filler', '--output', 'search_results\\filler_results.json']' returned non-zero exit status 1.
2025-05-13 11:57:58,384 [ERROR] Stderr: Traceback (most recent call last):
  File "C:\Users\user\Desktop\Python\direct_derma_scraper\search_products.py", line 22, in <module>
    from webdriver_manager.chrome import ChromeDriverManager
ModuleNotFoundError: No module named 'webdriver_manager'

2025-05-13 11:57:58,384 [INFO] Processing keyword 3/3: botox
2025-05-13 11:57:58,384 [INFO] Running command: python search_products.py --keyword botox --output search_results\botox_results.json
2025-05-13 11:57:58,761 [ERROR] Error processing keyword 'botox': Command '['python', 'search_products.py', '--keyword', 'botox', '--output', 'search_results\\botox_results.json']' returned non-zero exit status 1.
2025-05-13 11:57:58,762 [ERROR] Stderr: Traceback (most recent call last):
  File "C:\Users\user\Desktop\Python\direct_derma_scraper\search_products.py", line 22, in <module>
    from webdriver_manager.chrome import ChromeDriverManager
ModuleNotFoundError: No module named 'webdriver_manager'

2025-05-13 11:57:58,762 [INFO] Batch search completed. Summary saved to search_results\search_summary.txt
2025-05-13 12:07:07,120 [INFO] Found 3 keywords to search
2025-05-13 12:07:07,120 [INFO] Processing keyword 1/3: thermage
2025-05-13 12:07:07,121 [INFO] Running command: python search_products.py --keyword thermage --output my_results\thermage_results.json
2025-05-13 12:07:07,521 [ERROR] Error processing keyword 'thermage': Command '['python', 'search_products.py', '--keyword', 'thermage', '--output', 'my_results\\thermage_results.json']' returned non-zero exit status 1.
2025-05-13 12:07:07,522 [ERROR] Stderr: Traceback (most recent call last):
  File "C:\Users\user\Desktop\Python\direct_derma_scraper\search_products.py", line 22, in <module>
    from webdriver_manager.chrome import ChromeDriverManager
ModuleNotFoundError: No module named 'webdriver_manager'

2025-05-13 12:07:07,522 [INFO] Processing keyword 2/3: filler
2025-05-13 12:07:07,522 [INFO] Running command: python search_products.py --keyword filler --output my_results\filler_results.json
2025-05-13 12:07:07,905 [ERROR] Error processing keyword 'filler': Command '['python', 'search_products.py', '--keyword', 'filler', '--output', 'my_results\\filler_results.json']' returned non-zero exit status 1.
2025-05-13 12:07:07,905 [ERROR] Stderr: Traceback (most recent call last):
  File "C:\Users\user\Desktop\Python\direct_derma_scraper\search_products.py", line 22, in <module>
    from webdriver_manager.chrome import ChromeDriverManager
ModuleNotFoundError: No module named 'webdriver_manager'

2025-05-13 12:07:07,906 [INFO] Processing keyword 3/3: botox
2025-05-13 12:07:07,906 [INFO] Running command: python search_products.py --keyword botox --output my_results\botox_results.json
2025-05-13 12:07:08,281 [ERROR] Error processing keyword 'botox': Command '['python', 'search_products.py', '--keyword', 'botox', '--output', 'my_results\\botox_results.json']' returned non-zero exit status 1.
2025-05-13 12:07:08,281 [ERROR] Stderr: Traceback (most recent call last):
  File "C:\Users\user\Desktop\Python\direct_derma_scraper\search_products.py", line 22, in <module>
    from webdriver_manager.chrome import ChromeDriverManager
ModuleNotFoundError: No module named 'webdriver_manager'

2025-05-13 12:07:08,281 [INFO] Batch search completed. Summary saved to my_results\search_summary.txt
2025-05-13 12:09:28,763 [INFO] Found 3 keywords to search
2025-05-13 12:09:28,763 [INFO] Processing keyword 1/3: thermage
2025-05-13 12:09:28,763 [INFO] Running command: python search_products.py --keyword thermage --output my_results\thermage_results.json
2025-05-13 12:09:29,285 [ERROR] Error processing keyword 'thermage': Command '['python', 'search_products.py', '--keyword', 'thermage', '--output', 'my_results\\thermage_results.json']' returned non-zero exit status 1.
2025-05-13 12:09:29,286 [ERROR] Stderr: Traceback (most recent call last):
  File "C:\Users\user\Desktop\Python\direct_derma_scraper\search_products.py", line 22, in <module>
    from webdriver_manager.chrome import ChromeDriverManager
ModuleNotFoundError: No module named 'webdriver_manager'

2025-05-13 12:09:29,286 [INFO] Processing keyword 2/3: filler
2025-05-13 12:09:29,286 [INFO] Running command: python search_products.py --keyword filler --output my_results\filler_results.json
2025-05-13 12:09:29,661 [ERROR] Error processing keyword 'filler': Command '['python', 'search_products.py', '--keyword', 'filler', '--output', 'my_results\\filler_results.json']' returned non-zero exit status 1.
2025-05-13 12:09:29,661 [ERROR] Stderr: Traceback (most recent call last):
  File "C:\Users\user\Desktop\Python\direct_derma_scraper\search_products.py", line 22, in <module>
    from webdriver_manager.chrome import ChromeDriverManager
ModuleNotFoundError: No module named 'webdriver_manager'

2025-05-13 12:09:29,661 [INFO] Processing keyword 3/3: botox
2025-05-13 12:09:29,662 [INFO] Running command: python search_products.py --keyword botox --output my_results\botox_results.json
2025-05-13 12:09:30,058 [ERROR] Error processing keyword 'botox': Command '['python', 'search_products.py', '--keyword', 'botox', '--output', 'my_results\\botox_results.json']' returned non-zero exit status 1.
2025-05-13 12:09:30,058 [ERROR] Stderr: Traceback (most recent call last):
  File "C:\Users\user\Desktop\Python\direct_derma_scraper\search_products.py", line 22, in <module>
    from webdriver_manager.chrome import ChromeDriverManager
ModuleNotFoundError: No module named 'webdriver_manager'

2025-05-13 12:09:30,059 [INFO] Batch search completed. Summary saved to my_results\search_summary.txt
2025-05-13 12:14:16,102 [INFO] Found 3 keywords to search
2025-05-13 12:14:16,102 [INFO] Processing keyword 1/3: thermage
2025-05-13 12:14:16,102 [INFO] Running command: C:\Users\user\Desktop\Python\direct_derma_scraper\venv\Scripts\python.exe search_products.py --keyword thermage --output my_results\thermage_results.json
2025-05-13 12:14:54,826 [ERROR] Error processing keyword 'thermage': Command '['C:\\Users\\user\\Desktop\\Python\\direct_derma_scraper\\venv\\Scripts\\python.exe', 'search_products.py', '--keyword', 'thermage', '--output', 'my_results\\thermage_results.json']' returned non-zero exit status 1.
2025-05-13 12:14:54,826 [ERROR] Stderr: Traceback (most recent call last):
  File "C:\Users\user\Desktop\Python\direct_derma_scraper\run_scraper.py", line 22, in <module>
    from scrapy.crawler import CrawlerProcess
ModuleNotFoundError: No module named 'scrapy'

2025-05-13 12:14:54,826 [INFO] Processing keyword 2/3: filler
2025-05-13 12:14:54,826 [INFO] Running command: C:\Users\user\Desktop\Python\direct_derma_scraper\venv\Scripts\python.exe search_products.py --keyword filler --output my_results\filler_results.json
2025-05-13 12:15:07,381 [ERROR] Error processing keyword 'filler': Command '['C:\\Users\\user\\Desktop\\Python\\direct_derma_scraper\\venv\\Scripts\\python.exe', 'search_products.py', '--keyword', 'filler', '--output', 'my_results\\filler_results.json']' returned non-zero exit status 1.
2025-05-13 12:15:07,381 [ERROR] Stderr: Traceback (most recent call last):
  File "C:\Users\user\Desktop\Python\direct_derma_scraper\run_scraper.py", line 22, in <module>
    from scrapy.crawler import CrawlerProcess
ModuleNotFoundError: No module named 'scrapy'

2025-05-13 12:15:07,381 [INFO] Processing keyword 3/3: botox
2025-05-13 12:15:07,381 [INFO] Running command: C:\Users\user\Desktop\Python\direct_derma_scraper\venv\Scripts\python.exe search_products.py --keyword botox --output my_results\botox_results.json
2025-05-13 12:15:19,618 [INFO] Completed search for 'botox'. Found 0 products.
2025-05-13 12:15:19,618 [INFO] Batch search completed. Summary saved to my_results\search_summary.txt
2025-05-13 13:38:18,132 [INFO] Found 3 keywords to search
2025-05-13 13:38:18,133 [INFO] Processing keyword 1/3: thermage
2025-05-13 13:38:18,133 [INFO] Running command: C:\Users\user\Desktop\Python\direct_derma_scraper\venv\Scripts\python.exe search_products.py --keyword thermage --output my_results\thermage_results.json
2025-05-13 13:38:18,266 [ERROR] Error processing keyword 'thermage': Command '['C:\\Users\\user\\Desktop\\Python\\direct_derma_scraper\\venv\\Scripts\\python.exe', 'search_products.py', '--keyword', 'thermage', '--output', 'my_results\\thermage_results.json']' returned non-zero exit status 1.
2025-05-13 13:38:18,266 [ERROR] Stderr:   File "C:\Users\user\Desktop\Python\direct_derma_scraper\search_products.py", line 131
    logger.info(f"Created temporary URL file with {len(urls)} URLs: {temp_filename}")
                                                                                     ^
IndentationError: unindent does not match any outer indentation level

2025-05-13 13:38:18,266 [INFO] Processing keyword 2/3: filler
2025-05-13 13:38:18,266 [INFO] Running command: C:\Users\user\Desktop\Python\direct_derma_scraper\venv\Scripts\python.exe search_products.py --keyword filler --output my_results\filler_results.json
2025-05-13 13:38:18,349 [ERROR] Error processing keyword 'filler': Command '['C:\\Users\\user\\Desktop\\Python\\direct_derma_scraper\\venv\\Scripts\\python.exe', 'search_products.py', '--keyword', 'filler', '--output', 'my_results\\filler_results.json']' returned non-zero exit status 1.
2025-05-13 13:38:18,349 [ERROR] Stderr:   File "C:\Users\user\Desktop\Python\direct_derma_scraper\search_products.py", line 131
    logger.info(f"Created temporary URL file with {len(urls)} URLs: {temp_filename}")
                                                                                     ^
IndentationError: unindent does not match any outer indentation level

2025-05-13 13:38:18,349 [INFO] Processing keyword 3/3: botox
2025-05-13 13:38:18,349 [INFO] Running command: C:\Users\user\Desktop\Python\direct_derma_scraper\venv\Scripts\python.exe search_products.py --keyword botox --output my_results\botox_results.json
2025-05-13 13:38:18,439 [ERROR] Error processing keyword 'botox': Command '['C:\\Users\\user\\Desktop\\Python\\direct_derma_scraper\\venv\\Scripts\\python.exe', 'search_products.py', '--keyword', 'botox', '--output', 'my_results\\botox_results.json']' returned non-zero exit status 1.
2025-05-13 13:38:18,439 [ERROR] Stderr:   File "C:\Users\user\Desktop\Python\direct_derma_scraper\search_products.py", line 131
    logger.info(f"Created temporary URL file with {len(urls)} URLs: {temp_filename}")
                                                                                     ^
IndentationError: unindent does not match any outer indentation level

2025-05-13 13:38:18,439 [INFO] Batch search completed. Summary saved to my_results\search_summary.txt
2025-05-13 13:44:43,056 [INFO] Found 3 keywords to search
2025-05-13 13:44:43,056 [INFO] Processing keyword 1/3: thermage
2025-05-13 13:44:43,056 [INFO] Running command: C:\Users\user\Desktop\Python\direct_derma_scraper\venv\Scripts\python.exe search_products.py --keyword thermage --output my_results\thermage_results.json
2025-05-13 13:44:55,548 [ERROR] Error processing keyword 'thermage': Command '['C:\\Users\\user\\Desktop\\Python\\direct_derma_scraper\\venv\\Scripts\\python.exe', 'search_products.py', '--keyword', 'thermage', '--output', 'my_results\\thermage_results.json']' returned non-zero exit status 1.
2025-05-13 13:44:55,549 [ERROR] Stderr:   File "C:\Users\user\Desktop\Python\direct_derma_scraper\run_scraper.py", line 57
    try:
        ^
IndentationError: unindent does not match any outer indentation level

2025-05-13 13:44:55,549 [INFO] Processing keyword 2/3: filler
2025-05-13 13:44:55,549 [INFO] Running command: C:\Users\user\Desktop\Python\direct_derma_scraper\venv\Scripts\python.exe search_products.py --keyword filler --output my_results\filler_results.json
2025-05-13 13:45:08,125 [ERROR] Error processing keyword 'filler': Command '['C:\\Users\\user\\Desktop\\Python\\direct_derma_scraper\\venv\\Scripts\\python.exe', 'search_products.py', '--keyword', 'filler', '--output', 'my_results\\filler_results.json']' returned non-zero exit status 1.
2025-05-13 13:45:08,125 [ERROR] Stderr:   File "C:\Users\user\Desktop\Python\direct_derma_scraper\run_scraper.py", line 57
    try:
        ^
IndentationError: unindent does not match any outer indentation level

2025-05-13 13:45:08,125 [INFO] Processing keyword 3/3: botox
2025-05-13 13:45:08,125 [INFO] Running command: C:\Users\user\Desktop\Python\direct_derma_scraper\venv\Scripts\python.exe search_products.py --keyword botox --output my_results\botox_results.json
2025-05-13 13:45:21,202 [INFO] Completed search for 'botox'. Found 0 products.
2025-05-13 13:45:21,203 [INFO] Batch search completed. Summary saved to my_results\search_summary.txt
2025-05-13 13:51:14,407 [INFO] Found 3 keywords to search
2025-05-13 13:51:14,407 [INFO] Processing keyword 1/3: thermage
2025-05-13 13:51:14,407 [INFO] Running command: C:\Users\user\Desktop\Python\direct_derma_scraper\venv\Scripts\python.exe search_products.py --keyword thermage --output my_results\thermage_results.json
2025-05-13 13:52:39,511 [INFO] Completed search for 'thermage'. Found 10 products.
2025-05-13 13:52:39,511 [INFO] Processing keyword 2/3: filler
2025-05-13 13:52:39,511 [INFO] Running command: C:\Users\user\Desktop\Python\direct_derma_scraper\venv\Scripts\python.exe search_products.py --keyword filler --output my_results\filler_results.json
2025-05-13 13:54:14,207 [INFO] Completed search for 'filler'. Found 13 products.
2025-05-13 13:54:14,207 [INFO] Processing keyword 3/3: botox
2025-05-13 13:54:14,207 [INFO] Running command: C:\Users\user\Desktop\Python\direct_derma_scraper\venv\Scripts\python.exe search_products.py --keyword botox --output my_results\botox_results.json
2025-05-13 13:54:26,230 [INFO] Completed search for 'botox'. Found 0 products.
2025-05-13 13:54:26,230 [INFO] Batch search completed. Summary saved to my_results\search_summary.txt
2025-05-13 13:55:39,578 [INFO] Found 3 keywords to search
2025-05-13 13:55:39,578 [INFO] Processing keyword 1/3: thermage
2025-05-13 13:55:39,578 [INFO] Running command: C:\Users\user\Desktop\Python\direct_derma_scraper\venv\Scripts\python.exe search_products.py --keyword thermage --output my_results\thermage_results.json
2025-05-13 13:55:51,794 [ERROR] Error processing keyword 'thermage': Command '['C:\\Users\\user\\Desktop\\Python\\direct_derma_scraper\\venv\\Scripts\\python.exe', 'search_products.py', '--keyword', 'thermage', '--output', 'my_results\\thermage_results.json']' returned non-zero exit status 1.
2025-05-13 13:55:51,794 [ERROR] Stderr:   File "C:\Users\user\Desktop\Python\direct_derma_scraper\run_scraper.py", line 56
    try:
        ^
IndentationError: unindent does not match any outer indentation level

2025-05-13 13:55:51,794 [INFO] Processing keyword 2/3: filler
2025-05-13 13:55:51,795 [INFO] Running command: C:\Users\user\Desktop\Python\direct_derma_scraper\venv\Scripts\python.exe search_products.py --keyword filler --output my_results\filler_results.json
2025-05-13 13:56:04,414 [ERROR] Error processing keyword 'filler': Command '['C:\\Users\\user\\Desktop\\Python\\direct_derma_scraper\\venv\\Scripts\\python.exe', 'search_products.py', '--keyword', 'filler', '--output', 'my_results\\filler_results.json']' returned non-zero exit status 1.
2025-05-13 13:56:04,414 [ERROR] Stderr:   File "C:\Users\user\Desktop\Python\direct_derma_scraper\run_scraper.py", line 56
    try:
        ^
IndentationError: unindent does not match any outer indentation level

2025-05-13 13:56:04,414 [INFO] Processing keyword 3/3: botox
2025-05-13 13:56:04,414 [INFO] Running command: C:\Users\user\Desktop\Python\direct_derma_scraper\venv\Scripts\python.exe search_products.py --keyword botox --output my_results\botox_results.json
2025-05-13 13:56:16,314 [INFO] Completed search for 'botox'. Found 0 products.
2025-05-13 13:56:16,314 [INFO] Batch search completed. Summary saved to my_results\search_summary.txt
2025-05-13 14:07:52,926 [INFO] Created output directory: my_results_fixed
2025-05-13 14:07:52,926 [INFO] Found 3 keywords to search
2025-05-13 14:07:52,926 [INFO] Processing keyword 1/3: thermage
2025-05-13 14:07:52,926 [INFO] Running command: C:\Users\user\Desktop\Python\direct_derma_scraper\venv\Scripts\python.exe search_products.py --keyword thermage --output my_results_fixed\thermage_results.json
2025-05-13 14:07:53,051 [ERROR] Error processing keyword 'thermage': Command '['C:\\Users\\user\\Desktop\\Python\\direct_derma_scraper\\venv\\Scripts\\python.exe', 'search_products.py', '--keyword', 'thermage', '--output', 'my_results_fixed\\thermage_results.json']' returned non-zero exit status 1.
2025-05-13 14:07:53,051 [ERROR] Stderr:   File "C:\Users\user\Desktop\Python\direct_derma_scraper\search_products.py", line 169
    """    print("\n" + "=" * 80)
           ^^^^^
SyntaxError: invalid syntax

2025-05-13 14:07:53,051 [INFO] Processing keyword 2/3: filler
2025-05-13 14:07:53,051 [INFO] Running command: C:\Users\user\Desktop\Python\direct_derma_scraper\venv\Scripts\python.exe search_products.py --keyword filler --output my_results_fixed\filler_results.json
2025-05-13 14:07:53,131 [ERROR] Error processing keyword 'filler': Command '['C:\\Users\\user\\Desktop\\Python\\direct_derma_scraper\\venv\\Scripts\\python.exe', 'search_products.py', '--keyword', 'filler', '--output', 'my_results_fixed\\filler_results.json']' returned non-zero exit status 1.
2025-05-13 14:07:53,131 [ERROR] Stderr:   File "C:\Users\user\Desktop\Python\direct_derma_scraper\search_products.py", line 169
    """    print("\n" + "=" * 80)
           ^^^^^
SyntaxError: invalid syntax

2025-05-13 14:07:53,131 [INFO] Processing keyword 3/3: botox
2025-05-13 14:07:53,131 [INFO] Running command: C:\Users\user\Desktop\Python\direct_derma_scraper\venv\Scripts\python.exe search_products.py --keyword botox --output my_results_fixed\botox_results.json
2025-05-13 14:07:53,214 [ERROR] Error processing keyword 'botox': Command '['C:\\Users\\user\\Desktop\\Python\\direct_derma_scraper\\venv\\Scripts\\python.exe', 'search_products.py', '--keyword', 'botox', '--output', 'my_results_fixed\\botox_results.json']' returned non-zero exit status 1.
2025-05-13 14:07:53,214 [ERROR] Stderr:   File "C:\Users\user\Desktop\Python\direct_derma_scraper\search_products.py", line 169
    """    print("\n" + "=" * 80)
           ^^^^^
SyntaxError: invalid syntax

2025-05-13 14:07:53,214 [INFO] Batch search completed. Summary saved to my_results_fixed\search_summary.txt
